2013/06/11 14:41:32 [info] [application.modules.user.controllers.YumController] A user has been created: user: {"activationKey":"9d5ecb833ae5fac6223491ec0b1c2e4e171f4894bbf8aa85837340435387d1217ba97f20979dfeee7ce27e092c46795e6bac7e6e79b9ba55f2d85e947d2a0e8f","createtime":1370947292,"lastvisit":0,"lastaction":0,"lastpasswordchange":0,"failedloginattempts":0,"superuser":0,"status":0,"notifyType":"Instant","agree_with_terms":"yes","avatar":"gravatar","id":"1","username":"gugu","password":"gfhjkm","salt":"PNq3FSuKA3Bse3YT+uuN2pCcA59gy1GkHuncCj34wZn6JheTjvy\/4vu2s3XlwwVWFhiDnzaoEZbmXEzB2Z3GZQ==","is_check":1}
2013/06/11 14:41:32 [info] [application] A profile been created: {"lastname":"","firstname":"gugu","show_friends":1,"allow_comments":1,"email":"gugu@skiliks.com","timestamp":1370947292,"user_id":"1","id":"1","privacy":null,"street":null,"city":null,"about":null}
2013/06/11 14:41:33 [info] [application.modules.user.controllers.YumController] User gugu registered. Generated activation Url is http:///registration/registration/activation/key/9d5ecb833ae5fac6223491ec0b1c2e4e171f4894bbf8aa85837340435387d1217ba97f20979dfeee7ce27e092c46795e6bac7e6e79b9ba55f2d85e947d2a0e8f/email/gugu%40skiliks.com and has been sent to gugu@skiliks.com
2013/06/11 14:41:33 [info] [application.modules.user.controllers.YumController] User gugu has been activated
2013/06/11 14:41:33 [info] [application.modules.user.controllers.YumController] A user has been created: user: {"activationKey":"fcef1e1664522ef2a96205765c747be27d78626606d8a6d70c34f35273093897301e528e3f8c85df62f53d90fbc1c4e7d7f5930ccdd0163150b70cf1d0296f27","createtime":1370947293,"lastvisit":0,"lastaction":0,"lastpasswordchange":0,"failedloginattempts":0,"superuser":0,"status":0,"notifyType":"Instant","agree_with_terms":"yes","avatar":"gravatar","id":"2","username":"slavka","password":"123123","salt":"azoZXeBUr9JR6EUg6t1CatZff72hRwGYPCNWfCX0Al1kvsVjBsB5T6lNXS5y6mEjvPWI\/TNUFUE4vKcBumBocQ==","is_check":1}
2013/06/11 14:41:33 [info] [application] A profile been created: {"lastname":"","firstname":"slavka","show_friends":1,"allow_comments":1,"email":"slavka@skiliks.com","timestamp":1370947293,"user_id":"2","id":"2","privacy":null,"street":null,"city":null,"about":null}
2013/06/11 14:41:33 [info] [application.modules.user.controllers.YumController] User slavka registered. Generated activation Url is http:///registration/registration/activation/key/fcef1e1664522ef2a96205765c747be27d78626606d8a6d70c34f35273093897301e528e3f8c85df62f53d90fbc1c4e7d7f5930ccdd0163150b70cf1d0296f27/email/slavka%40skiliks.com and has been sent to slavka@skiliks.com
2013/06/11 14:41:33 [info] [application.modules.user.controllers.YumController] User slavka has been activated
2013/06/11 14:41:34 [info] [application.modules.user.controllers.YumController] A user has been created: user: {"activationKey":"4136c4c5bee2c8a2860a031d5f4d20de0943a8d73ed7cd1eaacffda3e7ac5bf3c50d70de3239b8f48af35ba04fa9739cebb7dd14f47061ccfcbf9218516b3188","createtime":1370947294,"lastvisit":0,"lastaction":0,"lastpasswordchange":0,"failedloginattempts":0,"superuser":0,"status":0,"notifyType":"Instant","agree_with_terms":"yes","avatar":"gravatar","id":"3","username":"slavka1","password":"123123","salt":"lt+tMZ8EbKwpM8FeLkX75VtzkfSUmg49aAvEMZvA6YWo5KrtPt2+YugckovyapLwEIDthvlUv98kHb8ot4rpCA==","is_check":1}
2013/06/11 14:41:34 [info] [application] A profile been created: {"lastname":"","firstname":"slavka1","show_friends":1,"allow_comments":1,"email":"slavka1@skiliks.com","timestamp":1370947294,"user_id":"3","id":"3","privacy":null,"street":null,"city":null,"about":null}
2013/06/11 14:41:34 [info] [application.modules.user.controllers.YumController] User slavka1 registered. Generated activation Url is http:///registration/registration/activation/key/4136c4c5bee2c8a2860a031d5f4d20de0943a8d73ed7cd1eaacffda3e7ac5bf3c50d70de3239b8f48af35ba04fa9739cebb7dd14f47061ccfcbf9218516b3188/email/slavka1%40skiliks.com and has been sent to slavka1@skiliks.com
2013/06/11 14:41:34 [info] [application.modules.user.controllers.YumController] User slavka1 has been activated
2013/06/11 14:41:34 [info] [application.modules.user.controllers.YumController] A user has been created: user: {"activationKey":"3397edfced69303ea14c5756e1688d5441d63ba1882fbd2c23a34e693c0be67d64a496c37f774b15f440b3b197dd1bb24d3cbef309b0be1608b4c234ac910ba5","createtime":1370947294,"lastvisit":0,"lastaction":0,"lastpasswordchange":0,"failedloginattempts":0,"superuser":0,"status":0,"notifyType":"Instant","agree_with_terms":"yes","avatar":"gravatar","id":"4","username":"asd","password":"123123","salt":"aXmI+J6GLWvq4FN8864ks3tbeQCZxmHSuiL1N97+Ccqd6lHZPOO64N+m8evw\/jR6u9sUwG6F70h9YwuCpeLhbg==","is_check":1}
2013/06/11 14:41:34 [info] [application] A profile been created: {"lastname":"","firstname":"asd","show_friends":1,"allow_comments":1,"email":"asd@skiliks.com","timestamp":1370947294,"user_id":"4","id":"4","privacy":null,"street":null,"city":null,"about":null}
2013/06/11 14:41:34 [info] [application.modules.user.controllers.YumController] User asd registered. Generated activation Url is http:///registration/registration/activation/key/3397edfced69303ea14c5756e1688d5441d63ba1882fbd2c23a34e693c0be67d64a496c37f774b15f440b3b197dd1bb24d3cbef309b0be1608b4c234ac910ba5/email/asd%40skiliks.com and has been sent to asd@skiliks.com
2013/06/11 14:41:35 [info] [application.modules.user.controllers.YumController] User asd has been activated
2013/06/11 14:41:35 [info] [application.modules.user.controllers.YumController] A user has been created: user: {"activationKey":"7a83011466ef464e3f2005691204e8c78ca5af61feadb8b91a53463cd91e50828c274bb9feeba62617804d9fee2376ab0b48b81897f6499a4aebab13d2de1e94","createtime":1370947295,"lastvisit":0,"lastaction":0,"lastpasswordchange":0,"failedloginattempts":0,"superuser":0,"status":0,"notifyType":"Instant","agree_with_terms":"yes","avatar":"gravatar","id":"5","username":"vad","password":"123123","salt":"C3BW+ho3A6MUH+5q3wKUzBIxYrf19VFqLjQUHOUbA3ZuSudizp69pXSkvLMzdl7fMdtv6i\/wx0J8uxO5krk1Yg==","is_check":1}
2013/06/11 14:41:35 [info] [application] A profile been created: {"lastname":"","firstname":"vad","show_friends":1,"allow_comments":1,"email":"vad@skiliks.com","timestamp":1370947295,"user_id":"5","id":"5","privacy":null,"street":null,"city":null,"about":null}
2013/06/11 14:41:35 [info] [application.modules.user.controllers.YumController] User vad registered. Generated activation Url is http:///registration/registration/activation/key/7a83011466ef464e3f2005691204e8c78ca5af61feadb8b91a53463cd91e50828c274bb9feeba62617804d9fee2376ab0b48b81897f6499a4aebab13d2de1e94/email/vad%40skiliks.com and has been sent to vad@skiliks.com
2013/06/11 14:41:35 [info] [application.modules.user.controllers.YumController] User vad has been activated
2013/06/11 14:41:35 [info] [application.modules.user.controllers.YumController] A user has been created: user: {"activationKey":"171dc430d06ff2203bf56568b1271b585caa3ad46d746eebd093bac6bac0d26e1b805682f09c8df032e09ab50b12acdc85a8810cb4b1859f35799dceadadf919","createtime":1370947295,"lastvisit":0,"lastaction":0,"lastpasswordchange":0,"failedloginattempts":0,"superuser":0,"status":0,"notifyType":"Instant","agree_with_terms":"yes","avatar":"gravatar","id":"6","username":"listepo","password":"123123","salt":"TJEHWnhBFVPXYnmp4DqRdCpba6fxIjYAfSWUE9WeE8Dkb0EaoMQzPnLGwBVHb5Of\/kn6cvipJVH40AUek0D2Ow==","is_check":1}
2013/06/11 14:41:36 [info] [application] A profile been created: {"lastname":"","firstname":"listepo","show_friends":1,"allow_comments":1,"email":"ivan@skiliks.com","timestamp":1370947295,"user_id":"6","id":"6","privacy":null,"street":null,"city":null,"about":null}
2013/06/11 14:41:36 [info] [application.modules.user.controllers.YumController] User listepo registered. Generated activation Url is http:///registration/registration/activation/key/171dc430d06ff2203bf56568b1271b585caa3ad46d746eebd093bac6bac0d26e1b805682f09c8df032e09ab50b12acdc85a8810cb4b1859f35799dceadadf919/email/ivan%40skiliks.com and has been sent to ivan@skiliks.com
2013/06/11 14:41:36 [info] [application.modules.user.controllers.YumController] User listepo has been activated
2013/06/11 14:41:36 [info] [application.modules.user.controllers.YumController] A user has been created: user: {"activationKey":"c2c5cbfad769d3ffdad819915ec82bc5b55277076603649f7339f7901574e4fb55576316d116a217ae45e3341980c1acb5b105ae255724767462b4c2f311a2b9","createtime":1370947296,"lastvisit":0,"lastaction":0,"lastpasswordchange":0,"failedloginattempts":0,"superuser":0,"status":0,"notifyType":"Instant","agree_with_terms":"yes","avatar":"gravatar","id":"7","username":"tony","password":"123123","salt":"KcMrjRw7BBNjbBZImQH88iG\/jfRYarPG3qFBQHVNiQmB\/2wLbyPrwuEwg1BGde2DCGDPHXBTc6Ap15qODDajDQ==","is_check":1}
2013/06/11 14:41:36 [info] [application] A profile been created: {"lastname":"","firstname":"tony","show_friends":1,"allow_comments":1,"email":"tony@skiliks.com","timestamp":1370947296,"user_id":"7","id":"7","privacy":null,"street":null,"city":null,"about":null}
2013/06/11 14:41:36 [info] [application.modules.user.controllers.YumController] User tony registered. Generated activation Url is http:///registration/registration/activation/key/c2c5cbfad769d3ffdad819915ec82bc5b55277076603649f7339f7901574e4fb55576316d116a217ae45e3341980c1acb5b105ae255724767462b4c2f311a2b9/email/tony%40skiliks.com and has been sent to tony@skiliks.com
2013/06/11 14:41:36 [info] [application.modules.user.controllers.YumController] User tony has been activated
2013/06/11 14:41:37 [info] [application.modules.user.controllers.YumController] A user has been created: user: {"activationKey":"0c000d516eece33afb90cdeb0a39378ebd91c250d281a3c1e36d832c4e2eaa0c6a62d6b503b47e2706a4cf31c2feb1bec92508c209c8bc46c33cc072971905e5","createtime":1370947296,"lastvisit":0,"lastaction":0,"lastpasswordchange":0,"failedloginattempts":0,"superuser":0,"status":0,"notifyType":"Instant","agree_with_terms":"yes","avatar":"gravatar","id":"8","username":"leah","password":"123123","salt":"heSL0O6sFjtyEYTloC+O6SMWlsMTpdnHQqAhlZ5NkG5s3njD\/y1XT6fqdeKJTCpmP7swClnqSicHBvSEHV\/Dzw==","is_check":1}
2013/06/11 14:41:37 [info] [application] A profile been created: {"lastname":"","firstname":"leah","show_friends":1,"allow_comments":1,"email":"leah@skiliks.com","timestamp":1370947296,"user_id":"8","id":"8","privacy":null,"street":null,"city":null,"about":null}
2013/06/11 14:41:37 [info] [application.modules.user.controllers.YumController] User leah registered. Generated activation Url is http:///registration/registration/activation/key/0c000d516eece33afb90cdeb0a39378ebd91c250d281a3c1e36d832c4e2eaa0c6a62d6b503b47e2706a4cf31c2feb1bec92508c209c8bc46c33cc072971905e5/email/leah%40skiliks.com and has been sent to leah@skiliks.com
2013/06/11 14:41:37 [info] [application.modules.user.controllers.YumController] User leah has been activated
2013/06/11 14:41:37 [info] [application.modules.user.controllers.YumController] A user has been created: user: {"activationKey":"8f0e6d6f72528eaa7761ff101013c454a184b6e0835894123983bac28b2b42ec5d40c8b90e7ffe833bb40dbcbe634268ddfa3785578811c944647b1d9d8c0ae5","createtime":1370947297,"lastvisit":0,"lastaction":0,"lastpasswordchange":0,"failedloginattempts":0,"superuser":0,"status":0,"notifyType":"Instant","agree_with_terms":"yes","avatar":"gravatar","id":"9","username":"masha","password":"123123","salt":"RzE3AhKi6kQg4FzJvsBfJZlbFbe0\/N802VHzFYrt4oqAnIvvlA0bTZCvcSZNAXaGF+mIzNLUt+v9fszyWYBQhA==","is_check":1}
2013/06/11 14:41:37 [info] [application] A profile been created: {"lastname":"","firstname":"masha","show_friends":1,"allow_comments":1,"email":"masha@skiliks.com","timestamp":1370947297,"user_id":"9","id":"9","privacy":null,"street":null,"city":null,"about":null}
2013/06/11 14:41:38 [info] [application.modules.user.controllers.YumController] User masha registered. Generated activation Url is http:///registration/registration/activation/key/8f0e6d6f72528eaa7761ff101013c454a184b6e0835894123983bac28b2b42ec5d40c8b90e7ffe833bb40dbcbe634268ddfa3785578811c944647b1d9d8c0ae5/email/masha%40skiliks.com and has been sent to masha@skiliks.com
2013/06/11 14:41:38 [info] [application.modules.user.controllers.YumController] User masha has been activated
2013/06/11 14:41:38 [info] [application.modules.user.controllers.YumController] A user has been created: user: {"activationKey":"2bb7caa54ec38f91a6ed7be155ad87f751f001b1718c09e93c4fb9619edce34bc2b9514a3765ab5c9a94cfb391da9c8fcdb8405a710d504a4a2713569e8472d3","createtime":1370947298,"lastvisit":0,"lastaction":0,"lastpasswordchange":0,"failedloginattempts":0,"superuser":0,"status":0,"notifyType":"Instant","agree_with_terms":"yes","avatar":"gravatar","id":"10","username":"pernifin","password":"123123","salt":"eaBPP9rR+BNcnun9vED71R5CEPgSSZFEwRHCqRTQPn56Ux4VAqUR3J+pzn+CCWUYbD3n6AqjWs4uqHqbMYgoAw==","is_check":1}
2013/06/11 14:41:38 [info] [application] A profile been created: {"lastname":"","firstname":"pernifin","show_friends":1,"allow_comments":1,"email":"pernifin@skiliks.com","timestamp":1370947298,"user_id":"10","id":"10","privacy":null,"street":null,"city":null,"about":null}
2013/06/11 14:41:38 [info] [application.modules.user.controllers.YumController] User pernifin registered. Generated activation Url is http:///registration/registration/activation/key/2bb7caa54ec38f91a6ed7be155ad87f751f001b1718c09e93c4fb9619edce34bc2b9514a3765ab5c9a94cfb391da9c8fcdb8405a710d504a4a2713569e8472d3/email/pernifin%40skiliks.com and has been sent to pernifin@skiliks.com
2013/06/11 14:41:38 [info] [application.modules.user.controllers.YumController] User pernifin has been activated
2013/06/11 14:41:39 [info] [application.modules.user.controllers.YumController] A user has been created: user: {"activationKey":"82d9ed7c73719449cf8ddf78b565d145d9dacefeddb697b94a83239da683762d5e3892565f565b96535d64a40b61c4b44f6b3ab27a3f99f56da30c7d4f22492e","createtime":1370947299,"lastvisit":0,"lastaction":0,"lastpasswordchange":0,"failedloginattempts":0,"superuser":0,"status":0,"notifyType":"Instant","agree_with_terms":"yes","avatar":"gravatar","id":"11","username":"kirill","password":"wu-wod-bo-slyub","salt":"LnvaPQqn3SKFY6LDTIfD6wOhnnrpOoLq0w3tUpgNw+dRvWKfrXU6smb\/Xu2+68gGVvvpYmPIguuYq5pODlXVoQ==","is_check":1}
2013/06/11 14:41:39 [info] [application] A profile been created: {"lastname":"","firstname":"kirill","show_friends":1,"allow_comments":1,"email":"kirill@skiliks.com","timestamp":1370947299,"user_id":"11","id":"11","privacy":null,"street":null,"city":null,"about":null}
2013/06/11 14:41:39 [info] [application.modules.user.controllers.YumController] User kirill registered. Generated activation Url is http:///registration/registration/activation/key/82d9ed7c73719449cf8ddf78b565d145d9dacefeddb697b94a83239da683762d5e3892565f565b96535d64a40b61c4b44f6b3ab27a3f99f56da30c7d4f22492e/email/kirill%40skiliks.com and has been sent to kirill@skiliks.com
2013/06/11 14:41:39 [info] [application.modules.user.controllers.YumController] User kirill has been activated
2013/06/11 14:41:39 [info] [application.modules.user.controllers.YumController] A user has been created: user: {"activationKey":"fdfb35fb94c729ba7badcef7f5632eddda0a96f0956329dd798f366b1c9fca34baa012a43a7556084231df6356e9e66366c61231e10f7397d58ec0c0754921c4","createtime":1370947299,"lastvisit":0,"lastaction":0,"lastpasswordchange":0,"failedloginattempts":0,"superuser":0,"status":0,"notifyType":"Instant","agree_with_terms":"yes","avatar":"gravatar","id":"12","username":"tatiana","password":"123123","salt":"ixssgqv3eHsDqkIs+4Nrh9\/tnROboJiE8o\/WzTqNWD79FPm\/7nUixtaLvLIT\/w3zmmVuyW1HHBt6ryiBt083wA==","is_check":1}
2013/06/11 14:41:39 [info] [application] A profile been created: {"lastname":"","firstname":"tatiana","show_friends":1,"allow_comments":1,"email":"tatiana@skiliks.com","timestamp":1370947299,"user_id":"12","id":"12","privacy":null,"street":null,"city":null,"about":null}
2013/06/11 14:41:39 [info] [application.modules.user.controllers.YumController] User tatiana registered. Generated activation Url is http:///registration/registration/activation/key/fdfb35fb94c729ba7badcef7f5632eddda0a96f0956329dd798f366b1c9fca34baa012a43a7556084231df6356e9e66366c61231e10f7397d58ec0c0754921c4/email/tatiana%40skiliks.com and has been sent to tatiana@skiliks.com
2013/06/11 14:41:39 [info] [application.modules.user.controllers.YumController] User tatiana has been activated
2013/06/11 14:41:40 [info] [application.modules.user.controllers.YumController] A user has been created: user: {"activationKey":"683b4a29e454064343ae749acc6086dae08994467f886545fc283d896134982dbf088d653fe12935e77c7822b47d5b48c3279daf6ba4c5019bdf2f398c7b1b35","createtime":1370947300,"lastvisit":0,"lastaction":0,"lastpasswordchange":0,"failedloginattempts":0,"superuser":0,"status":0,"notifyType":"Instant","agree_with_terms":"yes","avatar":"gravatar","id":"13","username":"ahmed","password":"zohozoho","salt":"6m3NSQMezKtHsv14t5JZ8peHcTwkIwVbPq0TlJoK7fNspLHII7KteiWhkd78RyEghzoBSI1a2cUFGceUp+qJ5g==","is_check":1}
2013/06/11 14:41:40 [info] [application] A profile been created: {"lastname":"","firstname":"ahmed","show_friends":1,"allow_comments":1,"email":"ahmed@zoho.com","timestamp":1370947300,"user_id":"13","id":"13","privacy":null,"street":null,"city":null,"about":null}
2013/06/11 14:41:40 [info] [application.modules.user.controllers.YumController] User ahmed registered. Generated activation Url is http:///registration/registration/activation/key/683b4a29e454064343ae749acc6086dae08994467f886545fc283d896134982dbf088d653fe12935e77c7822b47d5b48c3279daf6ba4c5019bdf2f398c7b1b35/email/ahmed%40zoho.com and has been sent to ahmed@zoho.com
2013/06/11 14:41:40 [info] [application.modules.user.controllers.YumController] User ahmed has been activated
2013/06/11 14:41:40 [info] [application.modules.user.controllers.YumController] A user has been created: user: {"activationKey":"2794fb5ff28a9a079ffe49d5dc73467a1513909f0518c34c7ff53460de7f2428f10a745c82bf5ce6488d1b19e87c014b8fc2002f24ef0188a69a1c64d9490ab1","createtime":1370947300,"lastvisit":0,"lastaction":0,"lastpasswordchange":0,"failedloginattempts":0,"superuser":0,"status":0,"notifyType":"Instant","agree_with_terms":"yes","avatar":"gravatar","id":"14","username":"rkilimov","password":"r.kilimov","salt":"XT7bTkKroYfbMUZNSJn3uxP6uCxbPgRYSEHAmNr+WGkOoT5yfvDGhBZ5ptzHF8PTKnU73vmdbRw3EuZssMCG6Q==","is_check":1}
2013/06/11 14:41:40 [info] [application] A profile been created: {"lastname":"","firstname":"rkilimov","show_friends":1,"allow_comments":1,"email":"r.kilimov@gmail.com","timestamp":1370947300,"user_id":"14","id":"14","privacy":null,"street":null,"city":null,"about":null}
2013/06/11 14:41:40 [info] [application.modules.user.controllers.YumController] User rkilimov registered. Generated activation Url is http:///registration/registration/activation/key/2794fb5ff28a9a079ffe49d5dc73467a1513909f0518c34c7ff53460de7f2428f10a745c82bf5ce6488d1b19e87c014b8fc2002f24ef0188a69a1c64d9490ab1/email/r.kilimov%40gmail.com and has been sent to r.kilimov@gmail.com
2013/06/11 14:41:41 [info] [application.modules.user.controllers.YumController] User rkilimov has been activated
2013/06/11 14:41:41 [info] [application.modules.user.controllers.YumController] A user has been created: user: {"activationKey":"aa85cf6a13bd6ac5954c563d56cd0f2d0eca7fc5c06549edcefe1173b1519cfe376a36714301f2a0d1846a7fff34d6ddfda7053acee374e298cdfc29c052fbd9","createtime":1370947301,"lastvisit":0,"lastaction":0,"lastpasswordchange":0,"failedloginattempts":0,"superuser":0,"status":0,"notifyType":"Instant","agree_with_terms":"yes","avatar":"gravatar","id":"15","username":"svetlana","password":"123123","salt":"isEZj5PaXhFUkNzC7kuPd0n0KiyWfGmmmL5K1BSZDGjyp9G+Ih5RKdRGv+rAjmUZGK5pWIvsGdKciUK2WlKzhQ==","is_check":1}
2013/06/11 14:41:41 [info] [application] A profile been created: {"lastname":"","firstname":"svetlana","show_friends":1,"allow_comments":1,"email":"svetlana@skiliks.com","timestamp":1370947301,"user_id":"15","id":"15","privacy":null,"street":null,"city":null,"about":null}
2013/06/11 14:41:41 [info] [application.modules.user.controllers.YumController] User svetlana registered. Generated activation Url is http:///registration/registration/activation/key/aa85cf6a13bd6ac5954c563d56cd0f2d0eca7fc5c06549edcefe1173b1519cfe376a36714301f2a0d1846a7fff34d6ddfda7053acee374e298cdfc29c052fbd9/email/svetlana%40skiliks.com and has been sent to svetlana@skiliks.com
2013/06/11 14:41:41 [info] [application.modules.user.controllers.YumController] User svetlana has been activated
2013/06/13 19:48:21 [error] [exception.Exception] exception 'Exception' with message 'Could not open  for reading! File does not exist.' in /home/tania/skiliks/protected/extensions/PHPExcel/Reader/Excel2007.php:487
Stack trace:
#0 /home/tania/skiliks/protected/components/Import/ImportGameDataService.php(2133): PHPExcel_Reader_Excel2007->load(NULL)
#1 /home/tania/skiliks/protected/components/Import/ImportGameDataService.php(427): ImportGameDataService->getExcel()
#2 /home/tania/skiliks/protected/components/Import/ImportGameDataService.php(2702): ImportGameDataService->importAssessmentGroup()
#3 /home/tania/skiliks/protected/components/Import/ImportGameDataService.php(2683): ImportGameDataService->importWithoutTransaction()
#4 /home/tania/skiliks/protected/commands/ImportCommand.php(20): ImportGameDataService->importAll()
#5 [internal function]: ImportCommand->actionIndex('all', 'scenario')
#6 /home/tania/skiliks/framework/console/CConsoleCommand.php(141): ReflectionMethod->invokeArgs(Object(ImportCommand), Array)
#7 /home/tania/skiliks/framework/console/CConsoleCommandRunner.php(65): CConsoleCommand->run(Array)
#8 /home/tania/skiliks/framework/console/CConsoleApplication.php(91): CConsoleCommandRunner->run(Array)
#9 /home/tania/skiliks/framework/base/CApplication.php(162): CConsoleApplication->processRequest()
#10 /home/tania/skiliks/framework/yiic.php(33): CApplication->run()
#11 /home/tania/skiliks/protected/yiic.php(5): require_once('/home/tania/ski...')
#12 {main}
---
2013/06/13 19:52:03 [error] [exception.CDbException] exception 'CDbException' with message 'Имя столбца должно быть строкой или массивом.' in /home/tania/skiliks/framework/db/schema/CDbCommandBuilder.php:701
Stack trace:
#0 /home/tania/skiliks/framework/db/schema/CDbCommandBuilder.php(498): CDbCommandBuilder->createInCondition(Object(CMysqlTableSchema), NULL, Array, NULL)
#1 /home/tania/skiliks/framework/db/ar/CActiveRecord.php(1679): CDbCommandBuilder->createPkCriteria(Object(CMysqlTableSchema), Array, '', Array)
#2 /home/tania/skiliks/framework/db/ar/CActiveRecord.php(1061): CActiveRecord->updateByPk(Array, Array)
#3 /home/tania/skiliks/framework/db/ar/CActiveRecord.php(787): CActiveRecord->update(NULL)
#4 /home/tania/skiliks/protected/components/Import/ImportGameDataService.php(2779): CActiveRecord->save()
#5 /home/tania/skiliks/protected/components/Import/ImportGameDataService.php(2722): ImportGameDataService->importFlagsRules()
#6 /home/tania/skiliks/protected/components/Import/ImportGameDataService.php(2683): ImportGameDataService->importWithoutTransaction()
#7 /home/tania/skiliks/protected/commands/InitDBCommand.php(57): ImportGameDataService->importAll()
#8 [internal function]: InitDBCommand->actionIndex('xxx', 'true')
#9 /home/tania/skiliks/framework/console/CConsoleCommand.php(141): ReflectionMethod->invokeArgs(Object(InitDBCommand), Array)
#10 /home/tania/skiliks/framework/console/CConsoleCommandRunner.php(65): CConsoleCommand->run(Array)
#11 /home/tania/skiliks/framework/console/CConsoleApplication.php(91): CConsoleCommandRunner->run(Array)
#12 /home/tania/skiliks/framework/base/CApplication.php(162): CConsoleApplication->processRequest()
#13 /home/tania/skiliks/framework/yiic.php(33): CApplication->run()
#14 /home/tania/skiliks/protected/yiic.php(5): require_once('/home/tania/ski...')
#15 {main}
---
